2017-04-11 11:04:20 Error: Fatal Error (1): Call to a member function allow() on a non-object in [/var/www/html/ams/app/Controller/UsersController.php, line 9]
2017-04-11 11:04:20 Error: [FatalErrorException] Call to a member function allow() on a non-object
Request URL: /ams/users
Stack Trace:
#0 /var/www/html/ams/lib/Cake/Error/ErrorHandler.php(212): ErrorHandler::handleFatalError(1, 'Call to a membe...', '/var/www/html/a...', 9)
#1 [internal function]: ErrorHandler::handleError(1, 'Call to a membe...', '/var/www/html/a...', 9, Array)
#2 /var/www/html/ams/lib/Cake/Core/App.php(970): call_user_func('ErrorHandler::h...', 1, 'Call to a membe...', '/var/www/html/a...', 9, Array)
#3 /var/www/html/ams/lib/Cake/Core/App.php(943): App::_checkFatalError()
#4 [internal function]: App::shutdown()
#5 {main}
2017-04-11 11:06:31 Error: [MissingViewException] View file "Users/index.ctp" is missing.
Exception Attributes: array (
  'file' => 'Users/index.ctp',
)
Request URL: /ams/users
Stack Trace:
#0 /var/www/html/ams/lib/Cake/View/View.php(470): View->_getViewFileName(NULL)
#1 /var/www/html/ams/lib/Cake/Controller/Controller.php(963): View->render(NULL, NULL)
#2 /var/www/html/ams/lib/Cake/Routing/Dispatcher.php(200): Controller->render()
#3 /var/www/html/ams/lib/Cake/Routing/Dispatcher.php(167): Dispatcher->_invoke(Object(UsersController), Object(CakeRequest))
#4 /var/www/html/ams/app/webroot/index.php(111): Dispatcher->dispatch(Object(CakeRequest), Object(CakeResponse))
#5 {main}
2017-04-11 11:06:38 Error: [MissingViewException] View file "Users/login.ctp" is missing.
Exception Attributes: array (
  'file' => 'Users/login.ctp',
)
Request URL: /ams/users/login
Stack Trace:
#0 /var/www/html/ams/lib/Cake/View/View.php(470): View->_getViewFileName(NULL)
#1 /var/www/html/ams/lib/Cake/Controller/Controller.php(963): View->render(NULL, NULL)
#2 /var/www/html/ams/lib/Cake/Routing/Dispatcher.php(200): Controller->render()
#3 /var/www/html/ams/lib/Cake/Routing/Dispatcher.php(167): Dispatcher->_invoke(Object(UsersController), Object(CakeRequest))
#4 /var/www/html/ams/app/webroot/index.php(111): Dispatcher->dispatch(Object(CakeRequest), Object(CakeResponse))
#5 {main}
2017-04-11 11:07:40 Error: [MissingControllerException] Controller class PostsController could not be found.
Exception Attributes: array (
  'class' => 'PostsController',
  'plugin' => NULL,
)
Request URL: /ams/posts
Stack Trace:
#0 /var/www/html/ams/app/webroot/index.php(111): Dispatcher->dispatch(Object(CakeRequest), Object(CakeResponse))
#1 {main}
